shop/proguard_logs/seeds.txt
com.djk_shop.AActivity
com.djk_shop.AActivity: AActivity()
com.djk_shop.BActivity
com.djk_shop.BActivity: BActivity()
com.djk_shop.CActivity
com.djk_shop.CActivity: CActivity()
com.djk_shop.EActivity
com.djk_shop.EActivity: EActivity()
com.djk_shop.LoginActivity
com.djk_shop.LoginActivity: LoginActivity()
com.djk_shop.LoginActivity: void onClick(android.view.View)
com.djk_shop.MobileAppInfoActivity
com.djk_shop.MobileAppInfoActivity: MobileAppInfoActivity()
com.djk_shop.MyActivity
com.djk_shop.MyActivity: MyActivity()
com.djk_shop.MyActivity: void onClick(android.view.View)
com.djk_shop.MyApplication
com.djk_shop.MyApplication: MyApplication()
com.djk_shop.PortalActivity
com.djk_shop.PortalActivity: PortalActivity()
com.djk_shop.R$attr
com.djk_shop.R$attr: R$attr()
com.djk_shop.R$color
com.djk_shop.R$color: int can_login
com.djk_shop.R$color: int cant_login
com.djk_shop.R$color: R$color()
com.djk_shop.R$dimen
com.djk_shop.R$dimen: int bottom_tab_font_size
com.djk_shop.R$dimen: int bottom_tab_padding_drawable
com.djk_shop.R$dimen: int bottom_tab_padding_up
com.djk_shop.R$dimen: int emotion_item_view_height
com.djk_shop.R$dimen: int large_padding_length
com.djk_shop.R$dimen: int new_blog_size
com.djk_shop.R$dimen: int no_result_padding_length
com.djk_shop.R$dimen: int normal_padding_length
com.djk_shop.R$dimen: int splash_test_center_margin_right
com.djk_shop.R$dimen: int splash_test_top_margin_top
com.djk_shop.R$dimen: int sta_height
com.djk_shop.R$dimen: int switch_logo_bottom_padding
com.djk_shop.R$dimen: int title_height
com.djk_shop.R$dimen: int title_text_size
com.djk_shop.R$dimen: int widget_content_margin_left
com.djk_shop.R$dimen: int widget_content_margin_top
com.djk_shop.R$dimen: int widget_height
com.djk_shop.R$dimen: int widget_logo_size
com.djk_shop.R$dimen: int widget_write_margin_left
com.djk_shop.R$dimen: int widget_write_margin_top
com.djk_shop.R$dimen: R$dimen()
com.djk_shop.R$drawable
com.djk_shop.R$drawable: int black
com.djk_shop.R$drawable: int home_btn_bg
com.djk_shop.R$drawable: int home_btn_bg_d
com.djk_shop.R$drawable: int home_btn_bg_n
com.djk_shop.R$drawable: int home_btn_bg_s
com.djk_shop.R$drawable: int ic_launcher
com.djk_shop.R$drawable: int icon_1_d
com.djk_shop.R$drawable: int icon_1_n
com.djk_shop.R$drawable: int icon_2_d
com.djk_shop.R$drawable: int icon_2_n
com.djk_shop.R$drawable: int icon_3_d
com.djk_shop.R$drawable: int icon_3_n
com.djk_shop.R$drawable: int icon_4_d
com.djk_shop.R$drawable: int icon_4_n
com.djk_shop.R$drawable: int icon_5_d
com.djk_shop.R$drawable: int icon_5_n
com.djk_shop.R$drawable: int icon_shoping_cart
com.djk_shop.R$drawable: int list_background
com.djk_shop.R$drawable: int ltgray
com.djk_shop.R$drawable: int ltyellow
com.djk_shop.R$drawable: int maintab_toolbar_bg
com.djk_shop.R$drawable: int namcard_picker_bkg_hover
com.djk_shop.R$drawable: int namcard_picker_bkg_normal
com.djk_shop.R$drawable: int portal
com.djk_shop.R$drawable: int shape
com.djk_shop.R$drawable: int t_1
com.djk_shop.R$drawable: int t_2
com.djk_shop.R$drawable: int t_3
com.djk_shop.R$drawable: int t_4
com.djk_shop.R$drawable: int t_5
com.djk_shop.R$drawable: int t_5_1
com.djk_shop.R$drawable: int t_6
com.djk_shop.R$drawable: int t_7
com.djk_shop.R$drawable: int table_frame_gray
com.djk_shop.R$drawable: int transparent
com.djk_shop.R$drawable: int transparent_background
...
com.j256.ormlite.stmt.mapped.MappedDeleteCollection
com.j256.ormlite.stmt.mapped.MappedDeleteCollection: MappedDeleteCollection(com.j256.ormlite.table.TableInfo,java.lang.String,com.j256.ormlite.field.FieldType[])
com.j256.ormlite.stmt.mapped.MappedDeleteCollection: int deleteObjects(com.j256.ormlite.db.DatabaseType,com.j256.ormlite.table.TableInfo,com.j256.ormlite.support.DatabaseConnection,java.util.Collection,com.j256.ormlite.dao.ObjectCache)
com.j256.ormlite.stmt.mapped.MappedDeleteCollection: int deleteIds(com.j256.ormlite.db.DatabaseType,com.j256.ormlite.table.TableInfo,com.j256.ormlite.support.DatabaseConnection,java.util.Collection,com.j256.ormlite.dao.ObjectCache)
com.j256.ormlite.stmt.mapped.MappedDeleteCollection: com.j256.ormlite.stmt.mapped.MappedDeleteCollection build(com.j256.ormlite.db.DatabaseType,com.j256.ormlite.table.TableInfo,int)
com.j256.ormlite.stmt.mapped.MappedDeleteCollection: int updateRows(com.j256.ormlite.support.DatabaseConnection,java.lang.Class,com.j256.ormlite.stmt.mapped.MappedDeleteCollection,java.lang.Object[],com.j256.ormlite.dao.ObjectCache)
com.j256.ormlite.stmt.mapped.MappedDeleteCollection: void appendWhereIds(com.j256.ormlite.db.DatabaseType,com.j256.ormlite.field.FieldType,java.lang.StringBuilder,int,com.j256.ormlite.field.FieldType[])
com.j256.ormlite.stmt.mapped.MappedPreparedStmt
com.j256.ormlite.stmt.mapped.MappedPreparedStmt: com.j256.ormlite.stmt.ArgumentHolder[] argHolders
com.j256.ormlite.stmt.mapped.MappedPreparedStmt: java.lang.Long limit
com.j256.ormlite.stmt.mapped.MappedPreparedStmt: com.j256.ormlite.stmt.StatementBuilder$StatementType type
com.j256.ormlite.stmt.mapped.MappedPreparedStmt: MappedPreparedStmt(com.j256.ormlite.table.TableInfo,java.lang.String,com.j256.ormlite.field.FieldType[],com.j256.ormlite.field.FieldType[],com.j256.ormlite.stmt.ArgumentHolder[],java.lang.Long,com.j256.ormlite.stmt.StatementBuilder$StatementType)
com.j256.ormlite.stmt.mapped.MappedPreparedStmt: com.j256.ormlite.support.CompiledStatement compile(com.j256.ormlite.support.DatabaseConnection,com.j256.ormlite.stmt.StatementBuilder$StatementType)
com.j256.ormlite.stmt.mapped.MappedPreparedStmt: com.j256.ormlite.support.CompiledStatement compile(com.j256.ormlite.support.DatabaseConnection,com.j256.ormlite.stmt.StatementBuilder$StatementType,int)
com.j256.ormlite.stmt.mapped.MappedPreparedStmt: java.lang.String getStatement()
com.j256.ormlite.stmt.mapped.MappedPreparedStmt: com.j256.ormlite.stmt.StatementBuilder$StatementType getType()
com.j256.ormlite.stmt.mapped.MappedPreparedStmt: void setArgumentHolderValue(int,java.lang.Object)
com.j256.ormlite.stmt.mapped.MappedPreparedStmt: com.j256.ormlite.support.CompiledStatement assignStatementArguments(com.j256.ormlite.support.CompiledStatement)
com.j256.ormlite.stmt.mapped.MappedQueryForId
com.j256.ormlite.stmt.mapped.MappedQueryForId: java.lang.String label
com.j256.ormlite.stmt.mapped.MappedQueryForId: MappedQueryForId(com.j256.ormlite.table.TableInfo,java.lang.String,com.j256.ormlite.field.FieldType[],com.j256.ormlite.field.FieldType[],java.lang.String)
com.j256.ormlite.stmt.mapped.MappedQueryForId: java.lang.Object execute(com.j256.ormlite.support.DatabaseConnection,java.lang.Object,com.j256.ormlite.dao.ObjectCache)
com.j256.ormlite.stmt.mapped.MappedQueryForId: com.j256.ormlite.stmt.mapped.MappedQueryForId build(com.j256.ormlite.db.DatabaseType,com.j256.ormlite.table.TableInfo,com.j256.ormlite.field.FieldType)
com.j256.ormlite.stmt.mapped.MappedQueryForId: java.lang.String buildStatement(com.j256.ormlite.db.DatabaseType,com.j256.ormlite.table.TableInfo,com.j256.ormlite.field.FieldType)
com.j256.ormlite.stmt.mapped.MappedQueryForId: void logArgs(java.lang.Object[])