shop/proguard_logs/mapping.txt
com.djk_shop.AActivity -> com.djk_shop.AActivity:
    18:23:void onCreate(android.os.Bundle) -> onCreate
com.djk_shop.BActivity -> com.djk_shop.BActivity:
    18:23:void onCreate(android.os.Bundle) -> onCreate
com.djk_shop.CActivity -> com.djk_shop.CActivity:
    18:23:void onCreate(android.os.Bundle) -> onCreate
com.djk_shop.EActivity -> com.djk_shop.EActivity:
    18:23:void onCreate(android.os.Bundle) -> onCreate
com.djk_shop.LoginActivity -> com.djk_shop.LoginActivity:
    android.widget.Button loginButton -> a
    java.lang.String username -> b
    java.lang.String password -> c
    android.widget.EditText usernameEditText -> d
    android.widget.EditText passwordEditText -> e
    android.widget.TextView registerTextView -> f
    boolean PASSWORD -> g
    boolean USER_NAME -> h
    com.j256.ormlite.dao.Dao userDao -> i
    45:53:void onCreate(android.os.Bundle) -> onCreate
    56:107:void initViews() -> a
    110:114:void canUseLoginButton() -> b
    116:120:void cannotUseLoginButton() -> c
    124:155:void onClick(android.view.View) -> onClick
    158:173:java.lang.Boolean login(java.lang.String,java.lang.String) -> a
    30:30:java.lang.String access$002(com.djk_shop.LoginActivity,java.lang.String) -> a
    30:30:android.widget.EditText access$100(com.djk_shop.LoginActivity) -> a
    30:30:java.lang.String access$000(com.djk_shop.LoginActivity) -> b
    30:30:boolean access$202(com.djk_shop.LoginActivity,boolean) -> a
    30:30:boolean access$300(com.djk_shop.LoginActivity) -> c
    30:30:void access$400(com.djk_shop.LoginActivity) -> d
    30:30:void access$500(com.djk_shop.LoginActivity) -> e
    30:30:java.lang.String access$602(com.djk_shop.LoginActivity,java.lang.String) -> b
    30:30:android.widget.EditText access$700(com.djk_shop.LoginActivity) -> f
    30:30:java.lang.String access$600(com.djk_shop.LoginActivity) -> g
com.djk_shop.LoginActivity$1 -> com.djk_shop.a:
    com.djk_shop.LoginActivity this$0 -> a
    65:65:void beforeTextChanged(java.lang.CharSequence,int,int,int) -> beforeTextChanged
    68:68:void onTextChanged(java.lang.CharSequence,int,int,int) -> onTextChanged
    71:82:void afterTextChanged(android.text.Editable) -> afterTextChanged
com.djk_shop.LoginActivity$2 -> com.djk_shop.b:
    com.djk_shop.LoginActivity this$0 -> a
    88:88:void beforeTextChanged(java.lang.CharSequence,int,int,int) -> beforeTextChanged
    91:91:void onTextChanged(java.lang.CharSequence,int,int,int) -> onTextChanged
    94:105:void afterTextChanged(android.text.Editable) -> afterTextChanged
com.djk_shop.MobileAppInfoActivity -> com.djk_shop.MobileAppInfoActivity:
    android.widget.TextView mobileAppText -> a
    23:73:void onCreate(android.os.Bundle) -> onCreate
    76:77:void initViews() -> a
    80:88:android.content.pm.PackageInfo getAppInfo() -> b
com.djk_shop.MyActivity -> com.djk_shop.MyActivity:
    android.widget.Button loginButton -> a
    android.content.DialogInterface$OnClickListener backButtonListener -> b
    android.widget.Button mobileAndAppInfo -> c
    37:43:void onCreate(android.os.Bundle) -> onCreate
    46:48:void initViews() -> a
    52:60:void onClick(android.view.View) -> onClick
    65:74:boolean onKeyDown(int,android.view.KeyEvent) -> onKeyDown
com.djk_shop.MyActivity$1 -> com.djk_shop.c:
    com.djk_shop.MyActivity this$0 -> a
    21:28:void onClick(android.content.DialogInterface,int) -> onClick
com.djk_shop.MyApplication -> com.djk_shop.MyApplication:
    java.util.Map data -> a
    java.util.Map cache -> b
    23:26:void onCreate() -> onCreate
    30:31:void onTerminate() -> onTerminate
    34:34:java.util.Map getData() -> a
...
com.j256.ormlite.stmt.query.IsNull -> com.j256.ormlite.stmt.query.IsNull:
    24:25:void appendOperation(java.lang.StringBuilder) -> appendOperation
    30:30:void appendValue(com.j256.ormlite.db.DatabaseType,java.lang.StringBuilder,java.util.List) -> appendValue
    16:16:java.lang.String toString() -> toString
    16:16:java.lang.String getColumnName() -> getColumnName
    16:16:void appendSql(com.j256.ormlite.db.DatabaseType,java.lang.String,java.lang.StringBuilder,java.util.List) -> appendSql
com.j256.ormlite.stmt.query.ManyClause -> com.j256.ormlite.stmt.query.ManyClause:
    java.lang.String AND_OPERATION -> AND_OPERATION
    java.lang.String OR_OPERATION -> OR_OPERATION
    com.j256.ormlite.stmt.query.Clause first -> first
    com.j256.ormlite.stmt.query.Clause second -> second
    com.j256.ormlite.stmt.query.Clause[] others -> others
    int startOthersAt -> startOthersAt
    java.lang.String operation -> operation
    57:72:void appendSql(com.j256.ormlite.db.DatabaseType,java.lang.String,java.lang.StringBuilder,java.util.List) -> appendSql
    75:76:void setMissingClause(com.j256.ormlite.stmt.query.Clause) -> setMissingClause
com.j256.ormlite.stmt.query.NeedsFutureClause -> com.j256.ormlite.stmt.query.NeedsFutureClause:
    void setMissingClause(com.j256.ormlite.stmt.query.Clause) -> setMissingClause
com.j256.ormlite.stmt.query.Not -> com.j256.ormlite.stmt.query.Not:
    com.j256.ormlite.stmt.query.Comparison comparison -> comparison
    com.j256.ormlite.stmt.query.Exists exists -> exists
    37:46:void setMissingClause(com.j256.ormlite.stmt.query.Clause) -> setMissingClause
    50:69:void appendSql(com.j256.ormlite.db.DatabaseType,java.lang.String,java.lang.StringBuilder,java.util.List) -> appendSql
    73:76:java.lang.String toString() -> toString
com.j256.ormlite.stmt.query.OrderBy -> com.j256.ormlite.stmt.query.OrderBy:
    java.lang.String columnName -> columnName
    boolean ascending -> ascending
    24:24:java.lang.String getColumnName() -> getColumnName
    31:31:boolean isAscending() -> isAscending
com.j256.ormlite.stmt.query.Raw -> com.j256.ormlite.stmt.query.Raw:
    java.lang.String statement -> statement
    com.j256.ormlite.stmt.ArgumentHolder[] args -> args
    24:29:void appendSql(com.j256.ormlite.db.DatabaseType,java.lang.String,java.lang.StringBuilder,java.util.List) -> appendSql
com.j256.ormlite.stmt.query.SetExpression -> com.j256.ormlite.stmt.query.SetExpression:
    29:30:void appendOperation(java.lang.StringBuilder) -> appendOperation
    36:37:void appendArgOrValue(com.j256.ormlite.db.DatabaseType,com.j256.ormlite.field.FieldType,java.lang.StringBuilder,java.util.List,java.lang.Object) -> appendArgOrValue
    21:21:java.lang.String toString() -> toString
    21:21:void appendValue(com.j256.ormlite.db.DatabaseType,java.lang.StringBuilder,java.util.List) -> appendValue
    21:21:java.lang.String getColumnName() -> getColumnName
    21:21:void appendSql(com.j256.ormlite.db.DatabaseType,java.lang.String,java.lang.StringBuilder,java.util.List) -> appendSql
com.j256.ormlite.stmt.query.SetValue -> com.j256.ormlite.stmt.query.SetValue:
    com.j256.ormlite.stmt.ArgumentHolder nullValue -> nullValue
    34:35:void appendOperation(java.lang.StringBuilder) -> appendOperation
    20:20:java.lang.String toString() -> toString
    20:20:void appendValue(com.j256.ormlite.db.DatabaseType,java.lang.StringBuilder,java.util.List) -> appendValue
    20:20:java.lang.String getColumnName() -> getColumnName
    20:20:void appendSql(com.j256.ormlite.db.DatabaseType,java.lang.String,java.lang.StringBuilder,java.util.List) -> appendSql